{
  "stats": {
    "suites": 1,
    "tests": 1,
    "passes": 1,
    "pending": 0,
    "failures": 0,
    "start": "2024-03-20T02:46:36.627Z",
    "end": "2024-03-20T02:46:37.056Z",
    "duration": 429,
    "testsRegistered": 1,
    "passPercent": 100,
    "pendingPercent": 0,
    "other": 0,
    "hasOther": false,
    "skipped": 0,
    "hasSkipped": false,
    "passPercentClass": "success",
    "pendingPercentClass": "danger"
  },
  "suites": {
    "uuid": "1050c619-60e5-4a4d-976a-801ac5e8cddc",
    "title": "",
    "fullFile": "",
    "file": "",
    "beforeHooks": [],
    "afterHooks": [],
    "tests": [],
    "suites": [
      {
        "uuid": "9b7a185b-a89b-4c5b-ac0c-c8f5a1bcba8e",
        "title": "Desafio ",
        "fullFile": "/Users/darlinglopes/Desktop/projetos/desafio/api_testing/test/test.js",
        "file": "/api_testing/test/test.js",
        "beforeHooks": [],
        "afterHooks": [],
        "tests": [
          {
            "title": "Retorno da API randomuser.me ",
            "fullTitle": "Desafio  Retorno da API randomuser.me ",
            "timedOut": false,
            "duration": 413,
            "state": "passed",
            "speed": "slow",
            "pass": true,
            "fail": false,
            "pending": false,
            "code": "this.timeout(request_timeout);\nrequest(URL)\n.get(PATH_API)\n.expect(\"Content-Type\", /json/)\n.end(function(err, res) {\n    expect(res.status).to.be.eql(200);\n    joiAssert(res.body, schemaAPI);\n    done(err);\n    });",
            "err": {},
            "isRoot": false,
            "uuid": "eea58a3d-0bce-4e19-b09d-95a2afa49e14",
            "isHook": false,
            "skipped": false
          }
        ],
        "suites": [],
        "passes": [
          "eea58a3d-0bce-4e19-b09d-95a2afa49e14"
        ],
        "failures": [],
        "pending": [],
        "skipped": [],
        "duration": 413,
        "root": false,
        "rootEmpty": false,
        "_timeout": 2000
      }
    ],
    "passes": [],
    "failures": [],
    "pending": [],
    "skipped": [],
    "duration": 0,
    "root": true,
    "rootEmpty": true,
    "_timeout": 2000
  },
  "copyrightYear": 2024
}